<?xml version="1.0" encoding="UTF-8"?>
<testng-results ignored="0" total="2" passed="2" failed="0" skipped="0">
  <reporter-output>
  </reporter-output>
  <suite started-at="2023-11-30T13:31:21 IST" name="Default suite" finished-at="2023-11-30T13:31:21 IST" duration-ms="54">
    <groups>
    </groups>
    <test started-at="2023-11-30T13:31:21 IST" name="Default test" finished-at="2023-11-30T13:31:21 IST" duration-ms="54">
      <class name="demo.demoTest2">
        <test-method signature="demoTest3()[pri:0, instance:demo.demoTest2@15c43bd9]" started-at="2023-11-30T13:31:21 IST" name="demoTest3" finished-at="2023-11-30T13:31:21 IST" duration-ms="9" status="PASS">
          <reporter-output>
          </reporter-output>
        </test-method> <!-- demoTest3 -->
        <test-method signature="demoTest4()[pri:0, instance:demo.demoTest2@15c43bd9]" started-at="2023-11-30T13:31:21 IST" name="demoTest4" finished-at="2023-11-30T13:31:21 IST" duration-ms="4" status="PASS">
          <reporter-output>
          </reporter-output>
        </test-method> <!-- demoTest4 -->
      </class> <!-- demo.demoTest2 -->
    </test> <!-- Default test -->
  </suite> <!-- Default suite -->
</testng-results>
